<?xml version="1.0" encoding="UTF-8"?>
<testng-results ignored="0" total="1" passed="1" failed="0" skipped="0">
  <reporter-output>
    <line>
      <![CDATA[Edge browser is opened]]>
    </line>
    <line>
      <![CDATA[Chrome browser is maximized]]>
    </line>
    <line>
      <![CDATA[Data is loaded from properties file.]]>
    </line>
    <line>
      <![CDATA[Number of shown cars: 5]]>
    </line>
    <line>
      <![CDATA[Number of shown cars after filter: 3]]>
    </line>
  </reporter-output>
  <suite started-at="2023-08-31T05:17:36 AST" name="Luftborn" finished-at="2023-08-31T05:18:01 AST" duration-ms="25466">
    <groups>
    </groups>
    <test started-at="2023-08-31T05:17:36 AST" name="Interview" finished-at="2023-08-31T05:18:01 AST" duration-ms="25466">
      <class name="car.Mazda">
        <test-method is-config="true" signature="Open()[pri:0, instance:car.Mazda@16150369]" started-at="2023-08-31T05:17:36 AST" name="Open" finished-at="2023-08-31T05:17:42 AST" duration-ms="5716" status="PASS">
          <reporter-output>
            <line>
              <![CDATA[Edge browser is opened]]>
            </line>
            <line>
              <![CDATA[Chrome browser is maximized]]>
            </line>
          </reporter-output>
        </test-method> <!-- Open -->
        <test-method signature="search()[pri:0, instance:car.Mazda@16150369]" started-at="2023-08-31T05:17:42 AST" name="search" finished-at="2023-08-31T05:18:01 AST" duration-ms="19711" status="PASS">
          <reporter-output>
            <line>
              <![CDATA[Data is loaded from properties file.]]>
            </line>
            <line>
              <![CDATA[Number of shown cars: 5]]>
            </line>
            <line>
              <![CDATA[Number of shown cars after filter: 3]]>
            </line>
          </reporter-output>
        </test-method> <!-- search -->
      </class> <!-- car.Mazda -->
    </test> <!-- Interview -->
  </suite> <!-- Luftborn -->
</testng-results>
